2025-07-10 04:11:46,154 INFO o.a.j.u.JMeterUtils: Setting Locale to en_US
2025-07-10 04:11:46,180 INFO o.a.j.JMeter: Loading user properties from: /root/lab/sw/apache-jmeter-5.6.3/bin/user.properties
2025-07-10 04:11:46,181 INFO o.a.j.JMeter: Loading system properties from: /root/lab/sw/apache-jmeter-5.6.3/bin/system.properties
2025-07-10 04:11:46,196 INFO o.a.j.JMeter: Copyright (c) 1998-2024 The Apache Software Foundation
2025-07-10 04:11:46,196 INFO o.a.j.JMeter: Version 5.6.3
2025-07-10 04:11:46,196 INFO o.a.j.JMeter: java.version=17.0.15
2025-07-10 04:11:46,196 INFO o.a.j.JMeter: java.vm.name=OpenJDK 64-Bit Server VM
2025-07-10 04:11:46,196 INFO o.a.j.JMeter: os.name=Linux
2025-07-10 04:11:46,196 INFO o.a.j.JMeter: os.arch=amd64
2025-07-10 04:11:46,197 INFO o.a.j.JMeter: os.version=5.14.0-427.20.1.el9_4.x86_64
2025-07-10 04:11:46,197 INFO o.a.j.JMeter: file.encoding=UTF-8
2025-07-10 04:11:46,197 INFO o.a.j.JMeter: java.awt.headless=null
2025-07-10 04:11:46,197 INFO o.a.j.JMeter: Max memory     =939524096
2025-07-10 04:11:46,197 INFO o.a.j.JMeter: Available Processors =2
2025-07-10 04:11:46,209 INFO o.a.j.JMeter: Default Locale=English (United States)
2025-07-10 04:11:46,211 INFO o.a.j.JMeter: JMeter  Locale=English (United States)
2025-07-10 04:11:46,211 INFO o.a.j.JMeter: JMeterHome=/root/lab/sw/apache-jmeter-5.6.3
2025-07-10 04:11:46,211 INFO o.a.j.JMeter: user.dir  =/root/lab/projects/guestbook
2025-07-10 04:11:46,211 INFO o.a.j.JMeter: PWD       =/root/lab/projects/guestbook
2025-07-10 04:11:46,213 INFO o.a.j.JMeter: IP: 172.31.0.100 Name: controller FullName: ip-172-31-0-100.ap-northeast-2.compute.internal
2025-07-10 04:11:46,232 INFO o.a.j.JMeter: Loaded icon properties from org/apache/jmeter/images/icon.properties
2025-07-10 04:11:47,708 INFO o.a.j.JMeterGuiLauncher: Setting LAF to: com.github.weisj.darklaf.DarkLaf:com.github.weisj.darklaf.theme.DarculaTheme
2025-07-10 04:11:50,248 INFO o.a.j.r.ClassFinder: Will scan jar /root/lab/sw/apache-jmeter-5.6.3/lib/ext/jmeter-plugins-manager-1.10.jar with filter ExtendsClassFilter [parents=[interface org.apache.jmeter.gui.action.Command], inner=false, contains=null, notContains=null]. Consider exposing JMeter plugins via META-INF/services, and add JMeter-Skip-Class-Scanning=true manifest attribute so JMeter can skip classfile scanning
2025-07-10 04:11:50,338 INFO o.a.j.r.ClassFinder: Will scan jar /root/lab/sw/apache-jmeter-5.6.3/lib/ext/jmeter-plugins-tst-2.6.jar with filter ExtendsClassFilter [parents=[interface org.apache.jmeter.gui.action.Command], inner=false, contains=null, notContains=null]. Consider exposing JMeter plugins via META-INF/services, and add JMeter-Skip-Class-Scanning=true manifest attribute so JMeter can skip classfile scanning
2025-07-10 04:11:50,342 INFO o.a.j.r.ClassFinder: Will scan jar /root/lab/sw/apache-jmeter-5.6.3/lib/ext/jmeter-plugins-perfmon-2.1.jar with filter ExtendsClassFilter [parents=[interface org.apache.jmeter.gui.action.Command], inner=false, contains=null, notContains=null]. Consider exposing JMeter plugins via META-INF/services, and add JMeter-Skip-Class-Scanning=true manifest attribute so JMeter can skip classfile scanning
2025-07-10 04:11:50,354 INFO o.a.j.r.ClassFinder: Will scan jar /root/lab/sw/apache-jmeter-5.6.3/lib/ext/jmeter-plugins-functions-2.2.jar with filter ExtendsClassFilter [parents=[interface org.apache.jmeter.gui.action.Command], inner=false, contains=null, notContains=null]. Consider exposing JMeter plugins via META-INF/services, and add JMeter-Skip-Class-Scanning=true manifest attribute so JMeter can skip classfile scanning
2025-07-10 04:11:50,358 INFO o.a.j.r.ClassFinder: Will scan jar /root/lab/sw/apache-jmeter-5.6.3/lib/ext/jmeter-plugins-dummy-0.4.jar with filter ExtendsClassFilter [parents=[interface org.apache.jmeter.gui.action.Command], inner=false, contains=null, notContains=null]. Consider exposing JMeter plugins via META-INF/services, and add JMeter-Skip-Class-Scanning=true manifest attribute so JMeter can skip classfile scanning
2025-07-10 04:11:50,364 INFO o.a.j.r.ClassFinder: Will scan jar /root/lab/sw/apache-jmeter-5.6.3/lib/ext/jmeter-plugins-graphs-basic-2.0.jar with filter ExtendsClassFilter [parents=[interface org.apache.jmeter.gui.action.Command], inner=false, contains=null, notContains=null]. Consider exposing JMeter plugins via META-INF/services, and add JMeter-Skip-Class-Scanning=true manifest attribute so JMeter can skip classfile scanning
2025-07-10 04:11:50,366 INFO o.a.j.r.ClassFinder: Will scan jar /root/lab/sw/apache-jmeter-5.6.3/lib/ext/jmeter-plugins-casutg-2.10.jar with filter ExtendsClassFilter [parents=[interface org.apache.jmeter.gui.action.Command], inner=false, contains=null, notContains=null]. Consider exposing JMeter plugins via META-INF/services, and add JMeter-Skip-Class-Scanning=true manifest attribute so JMeter can skip classfile scanning
2025-07-10 04:11:50,377 INFO o.a.j.r.ClassFinder: Will scan jar /root/lab/sw/apache-jmeter-5.6.3/lib/ext/jmeter-plugins-ffw-2.0.jar with filter ExtendsClassFilter [parents=[interface org.apache.jmeter.gui.action.Command], inner=false, contains=null, notContains=null]. Consider exposing JMeter plugins via META-INF/services, and add JMeter-Skip-Class-Scanning=true manifest attribute so JMeter can skip classfile scanning
2025-07-10 04:11:50,381 INFO o.a.j.r.ClassFinder: Will scan jar /root/lab/sw/apache-jmeter-5.6.3/lib/ext/jmeter-plugins-fifo-0.2.jar with filter ExtendsClassFilter [parents=[interface org.apache.jmeter.gui.action.Command], inner=false, contains=null, notContains=null]. Consider exposing JMeter plugins via META-INF/services, and add JMeter-Skip-Class-Scanning=true manifest attribute so JMeter can skip classfile scanning
2025-07-10 04:11:50,480 INFO o.a.j.r.ClassFinder: Will scan jar /root/lab/sw/apache-jmeter-5.6.3/lib/ext/jmeter-plugins-manager-1.10.jar with filter ExtendsClassFilter [parents=[interface org.apache.jmeter.gui.plugin.MenuCreator], inner=false, contains=null, notContains=null]. Consider exposing JMeter plugins via META-INF/services, and add JMeter-Skip-Class-Scanning=true manifest attribute so JMeter can skip classfile scanning
2025-07-10 04:11:50,483 INFO o.a.j.r.ClassFinder: Will scan jar /root/lab/sw/apache-jmeter-5.6.3/lib/ext/jmeter-plugins-tst-2.6.jar with filter ExtendsClassFilter [parents=[interface org.apache.jmeter.gui.plugin.MenuCreator], inner=false, contains=null, notContains=null]. Consider exposing JMeter plugins via META-INF/services, and add JMeter-Skip-Class-Scanning=true manifest attribute so JMeter can skip classfile scanning
2025-07-10 04:11:50,484 INFO o.a.j.r.ClassFinder: Will scan jar /root/lab/sw/apache-jmeter-5.6.3/lib/ext/jmeter-plugins-perfmon-2.1.jar with filter ExtendsClassFilter [parents=[interface org.apache.jmeter.gui.plugin.MenuCreator], inner=false, contains=null, notContains=null]. Consider exposing JMeter plugins via META-INF/services, and add JMeter-Skip-Class-Scanning=true manifest attribute so JMeter can skip classfile scanning
2025-07-10 04:11:50,485 INFO o.a.j.r.ClassFinder: Will scan jar /root/lab/sw/apache-jmeter-5.6.3/lib/ext/jmeter-plugins-functions-2.2.jar with filter ExtendsClassFilter [parents=[interface org.apache.jmeter.gui.plugin.MenuCreator], inner=false, contains=null, notContains=null]. Consider exposing JMeter plugins via META-INF/services, and add JMeter-Skip-Class-Scanning=true manifest attribute so JMeter can skip classfile scanning
2025-07-10 04:11:50,486 INFO o.a.j.r.ClassFinder: Will scan jar /root/lab/sw/apache-jmeter-5.6.3/lib/ext/jmeter-plugins-dummy-0.4.jar with filter ExtendsClassFilter [parents=[interface org.apache.jmeter.gui.plugin.MenuCreator], inner=false, contains=null, notContains=null]. Consider exposing JMeter plugins via META-INF/services, and add JMeter-Skip-Class-Scanning=true manifest attribute so JMeter can skip classfile scanning
2025-07-10 04:11:50,488 INFO o.a.j.r.ClassFinder: Will scan jar /root/lab/sw/apache-jmeter-5.6.3/lib/ext/jmeter-plugins-graphs-basic-2.0.jar with filter ExtendsClassFilter [parents=[interface org.apache.jmeter.gui.plugin.MenuCreator], inner=false, contains=null, notContains=null]. Consider exposing JMeter plugins via META-INF/services, and add JMeter-Skip-Class-Scanning=true manifest attribute so JMeter can skip classfile scanning
2025-07-10 04:11:50,488 INFO o.a.j.r.ClassFinder: Will scan jar /root/lab/sw/apache-jmeter-5.6.3/lib/ext/jmeter-plugins-casutg-2.10.jar with filter ExtendsClassFilter [parents=[interface org.apache.jmeter.gui.plugin.MenuCreator], inner=false, contains=null, notContains=null]. Consider exposing JMeter plugins via META-INF/services, and add JMeter-Skip-Class-Scanning=true manifest attribute so JMeter can skip classfile scanning
2025-07-10 04:11:50,488 INFO o.a.j.r.ClassFinder: Will scan jar /root/lab/sw/apache-jmeter-5.6.3/lib/ext/jmeter-plugins-ffw-2.0.jar with filter ExtendsClassFilter [parents=[interface org.apache.jmeter.gui.plugin.MenuCreator], inner=false, contains=null, notContains=null]. Consider exposing JMeter plugins via META-INF/services, and add JMeter-Skip-Class-Scanning=true manifest attribute so JMeter can skip classfile scanning
2025-07-10 04:11:50,489 INFO o.a.j.r.ClassFinder: Will scan jar /root/lab/sw/apache-jmeter-5.6.3/lib/ext/jmeter-plugins-fifo-0.2.jar with filter ExtendsClassFilter [parents=[interface org.apache.jmeter.gui.plugin.MenuCreator], inner=false, contains=null, notContains=null]. Consider exposing JMeter plugins via META-INF/services, and add JMeter-Skip-Class-Scanning=true manifest attribute so JMeter can skip classfile scanning
2025-07-10 04:11:50,639 INFO o.j.r.JARSourceHTTP: Found cached repo
2025-07-10 04:11:50,916 INFO o.j.r.PluginManager: Plugins Status: [jpgc-graphs-basic=2.0, jpgc-functions=2.2, jpgc-casutg=2.10, jpgc-dummy=0.4, jpgc-ffw=2.0, jpgc-fifo=0.2, jpgc-perfmon=2.1, jpgc-plugins-manager=1.10, jpgc-tst=2.6, jmeter-core=5.6.3, jmeter-ftp=5.6.3, jmeter-http=5.6.3, jmeter-jdbc=5.6.3, jmeter-jms=5.6.3, jmeter-junit=5.6.3, jmeter-java=5.6.3, jmeter-ldap=5.6.3, jmeter-mail=5.6.3, jmeter-mongodb=5.6.3, jmeter-native=5.6.3, jmeter-tcp=5.6.3, jmeter-components=5.6.3, jpgc-standard=2.0]
2025-07-10 04:11:50,917 INFO o.j.r.PluginManagerMenuItem: Plugins Manager has upgrades: [jpgc-casutg, jpgc-plugins-manager]
2025-07-10 04:15:41,070 INFO o.a.j.e.StandardJMeterEngine: Running the test!
2025-07-10 04:15:41,071 INFO o.a.j.s.SampleEvent: List of sample_variables: []
2025-07-10 04:15:41,071 INFO o.a.j.s.SampleEvent: List of sample_variables: []
2025-07-10 04:15:41,073 INFO o.a.j.e.u.CompoundVariable: Note: Function class names must contain the string: '.functions.'
2025-07-10 04:15:41,073 INFO o.a.j.e.u.CompoundVariable: Note: Function class names must not contain the string: '.gui.'
2025-07-10 04:15:41,156 INFO o.a.j.r.ClassFinder: Will scan jar /root/lab/sw/apache-jmeter-5.6.3/lib/ext/jmeter-plugins-manager-1.10.jar with filter ExtendsClassFilter [parents=[interface org.apache.jmeter.functions.Function], inner=false, contains=null, notContains=null]. Consider exposing JMeter plugins via META-INF/services, and add JMeter-Skip-Class-Scanning=true manifest attribute so JMeter can skip classfile scanning
2025-07-10 04:15:41,158 INFO o.a.j.r.ClassFinder: Will scan jar /root/lab/sw/apache-jmeter-5.6.3/lib/ext/jmeter-plugins-tst-2.6.jar with filter ExtendsClassFilter [parents=[interface org.apache.jmeter.functions.Function], inner=false, contains=null, notContains=null]. Consider exposing JMeter plugins via META-INF/services, and add JMeter-Skip-Class-Scanning=true manifest attribute so JMeter can skip classfile scanning
2025-07-10 04:15:41,158 INFO o.a.j.r.ClassFinder: Will scan jar /root/lab/sw/apache-jmeter-5.6.3/lib/ext/jmeter-plugins-perfmon-2.1.jar with filter ExtendsClassFilter [parents=[interface org.apache.jmeter.functions.Function], inner=false, contains=null, notContains=null]. Consider exposing JMeter plugins via META-INF/services, and add JMeter-Skip-Class-Scanning=true manifest attribute so JMeter can skip classfile scanning
2025-07-10 04:15:41,159 INFO o.a.j.r.ClassFinder: Will scan jar /root/lab/sw/apache-jmeter-5.6.3/lib/ext/jmeter-plugins-functions-2.2.jar with filter ExtendsClassFilter [parents=[interface org.apache.jmeter.functions.Function], inner=false, contains=null, notContains=null]. Consider exposing JMeter plugins via META-INF/services, and add JMeter-Skip-Class-Scanning=true manifest attribute so JMeter can skip classfile scanning
2025-07-10 04:15:41,160 INFO o.a.j.r.ClassFinder: Will scan jar /root/lab/sw/apache-jmeter-5.6.3/lib/ext/jmeter-plugins-dummy-0.4.jar with filter ExtendsClassFilter [parents=[interface org.apache.jmeter.functions.Function], inner=false, contains=null, notContains=null]. Consider exposing JMeter plugins via META-INF/services, and add JMeter-Skip-Class-Scanning=true manifest attribute so JMeter can skip classfile scanning
2025-07-10 04:15:41,160 INFO o.a.j.r.ClassFinder: Will scan jar /root/lab/sw/apache-jmeter-5.6.3/lib/ext/jmeter-plugins-graphs-basic-2.0.jar with filter ExtendsClassFilter [parents=[interface org.apache.jmeter.functions.Function], inner=false, contains=null, notContains=null]. Consider exposing JMeter plugins via META-INF/services, and add JMeter-Skip-Class-Scanning=true manifest attribute so JMeter can skip classfile scanning
2025-07-10 04:15:41,160 INFO o.a.j.r.ClassFinder: Will scan jar /root/lab/sw/apache-jmeter-5.6.3/lib/ext/jmeter-plugins-casutg-2.10.jar with filter ExtendsClassFilter [parents=[interface org.apache.jmeter.functions.Function], inner=false, contains=null, notContains=null]. Consider exposing JMeter plugins via META-INF/services, and add JMeter-Skip-Class-Scanning=true manifest attribute so JMeter can skip classfile scanning
2025-07-10 04:15:41,161 INFO o.a.j.r.ClassFinder: Will scan jar /root/lab/sw/apache-jmeter-5.6.3/lib/ext/jmeter-plugins-ffw-2.0.jar with filter ExtendsClassFilter [parents=[interface org.apache.jmeter.functions.Function], inner=false, contains=null, notContains=null]. Consider exposing JMeter plugins via META-INF/services, and add JMeter-Skip-Class-Scanning=true manifest attribute so JMeter can skip classfile scanning
2025-07-10 04:15:41,161 INFO o.a.j.r.ClassFinder: Will scan jar /root/lab/sw/apache-jmeter-5.6.3/lib/ext/jmeter-plugins-fifo-0.2.jar with filter ExtendsClassFilter [parents=[interface org.apache.jmeter.functions.Function], inner=false, contains=null, notContains=null]. Consider exposing JMeter plugins via META-INF/services, and add JMeter-Skip-Class-Scanning=true manifest attribute so JMeter can skip classfile scanning
2025-07-10 04:15:41,167 INFO o.a.j.g.u.JMeterMenuBar: setRunning(true, *local*)
2025-07-10 04:15:41,245 INFO o.a.j.e.StandardJMeterEngine: No enabled thread groups found
2025-07-10 04:15:41,245 INFO o.a.j.e.StandardJMeterEngine: Notifying test listeners of end of test
2025-07-10 04:15:41,247 INFO o.a.j.s.FileServer: Default base='/root/lab/projects/guestbook'
2025-07-10 04:15:41,247 INFO o.a.j.g.u.JMeterMenuBar: setRunning(false, *local*)
2025-07-10 04:15:51,981 INFO o.a.j.e.StandardJMeterEngine: Running the test!
2025-07-10 04:15:51,982 INFO o.a.j.s.SampleEvent: List of sample_variables: []
2025-07-10 04:15:51,983 INFO o.a.j.g.u.JMeterMenuBar: setRunning(true, *local*)
2025-07-10 04:15:52,026 INFO o.a.j.e.StandardJMeterEngine: No enabled thread groups found
2025-07-10 04:15:52,027 INFO o.a.j.e.StandardJMeterEngine: Notifying test listeners of end of test
2025-07-10 04:15:52,027 INFO o.a.j.g.u.JMeterMenuBar: setRunning(false, *local*)
2025-07-10 04:15:57,119 INFO o.a.j.e.StandardJMeterEngine: Running the test!
2025-07-10 04:15:57,119 INFO o.a.j.s.SampleEvent: List of sample_variables: []
2025-07-10 04:15:57,120 INFO o.a.j.g.u.JMeterMenuBar: setRunning(true, *local*)
2025-07-10 04:15:57,181 INFO o.a.j.e.StandardJMeterEngine: No enabled thread groups found
2025-07-10 04:15:57,181 INFO o.a.j.e.StandardJMeterEngine: Notifying test listeners of end of test
2025-07-10 04:15:57,181 INFO o.a.j.g.u.JMeterMenuBar: setRunning(false, *local*)
